<?xml version="1.0" encoding="UTF-8"?>
<testsuite name="ynov.eval.core.StarterApplicationTests" tests="1" skipped="0" failures="0" errors="0" timestamp="2023-04-27T12:15:31" hostname="PC_THEO" time="0.172">
  <properties/>
  <testcase name="contextLoads()" classname="ynov.eval.core.StarterApplicationTests" time="0.172"/>
  <system-out><![CDATA[14:15:27.450 [Test worker] DEBUG org.springframework.test.context.BootstrapUtils - Instantiating CacheAwareContextLoaderDelegate from class [org.springframework.test.context.cache.DefaultCacheAwareContextLoaderDelegate]
14:15:27.459 [Test worker] DEBUG org.springframework.test.context.BootstrapUtils - Instantiating BootstrapContext using constructor [public org.springframework.test.context.support.DefaultBootstrapContext(java.lang.Class,org.springframework.test.context.CacheAwareContextLoaderDelegate)]
14:15:27.488 [Test worker] DEBUG org.springframework.test.context.BootstrapUtils - Instantiating TestContextBootstrapper for test class [ynov.eval.core.StarterApplicationTests] from class [org.springframework.boot.test.context.SpringBootTestContextBootstrapper]
14:15:27.497 [Test worker] INFO org.springframework.boot.test.context.SpringBootTestContextBootstrapper - Neither @ContextConfiguration nor @ContextHierarchy found for test class [ynov.eval.core.StarterApplicationTests], using SpringBootContextLoader
14:15:27.500 [Test worker] DEBUG org.springframework.test.context.support.AbstractContextLoader - Did not detect default resource location for test class [ynov.eval.core.StarterApplicationTests]: class path resource [ynov/eval/core/StarterApplicationTests-context.xml] does not exist
14:15:27.500 [Test worker] DEBUG org.springframework.test.context.support.AbstractContextLoader - Did not detect default resource location for test class [ynov.eval.core.StarterApplicationTests]: class path resource [ynov/eval/core/StarterApplicationTestsContext.groovy] does not exist
14:15:27.500 [Test worker] INFO org.springframework.test.context.support.AbstractContextLoader - Could not detect default resource locations for test class [ynov.eval.core.StarterApplicationTests]: no resource found for suffixes {-context.xml, Context.groovy}.
14:15:27.501 [Test worker] INFO org.springframework.test.context.support.AnnotationConfigContextLoaderUtils - Could not detect default configuration classes for test class [ynov.eval.core.StarterApplicationTests]: StarterApplicationTests does not declare any static, non-private, non-final, nested classes annotated with @Configuration.
14:15:27.537 [Test worker] DEBUG org.springframework.test.context.support.ActiveProfilesUtils - Could not find an 'annotation declaring class' for annotation type [org.springframework.test.context.ActiveProfiles] and class [ynov.eval.core.StarterApplicationTests]
14:15:27.581 [Test worker] DEBUG org.springframework.context.annotation.ClassPathScanningCandidateComponentProvider - Identified candidate component class: file [C:\Users\tb72o\Desktop\Cours\Pipeline\tp-final-pipeline\build\classes\java\main\ynov\eval\core\StarterApplication.class]
14:15:27.583 [Test worker] INFO org.springframework.boot.test.context.SpringBootTestContextBootstrapper - Found @SpringBootConfiguration ynov.eval.core.StarterApplication for test class ynov.eval.core.StarterApplicationTests
14:15:27.672 [Test worker] DEBUG org.springframework.boot.test.context.SpringBootTestContextBootstrapper - @TestExecutionListeners is not present for class [ynov.eval.core.StarterApplicationTests]: using defaults.
14:15:27.673 [Test worker] INFO org.springframework.boot.test.context.SpringBootTestContextBootstrapper - Loaded default TestExecutionListener class names from location [META-INF/spring.factories]: [org.springframework.boot.test.autoconfigure.restdocs.RestDocsTestExecutionListener, org.springframework.boot.test.autoconfigure.web.client.MockRestServiceServerResetTestExecutionListener, org.springframework.boot.test.autoconfigure.web.servlet.MockMvcPrintOnlyOnFailureTestExecutionListener, org.springframework.boot.test.autoconfigure.web.servlet.WebDriverTestExecutionListener, org.springframework.boot.test.autoconfigure.webservices.client.MockWebServiceServerTestExecutionListener, org.springframework.boot.test.mock.mockito.MockitoTestExecutionListener, org.springframework.boot.test.mock.mockito.ResetMocksTestExecutionListener, org.springframework.test.context.web.ServletTestExecutionListener, org.springframework.test.context.support.DirtiesContextBeforeModesTestExecutionListener, org.springframework.test.context.event.ApplicationEventsTestExecutionListener, org.springframework.test.context.support.DependencyInjectionTestExecutionListener, org.springframework.test.context.support.DirtiesContextTestExecutionListener, org.springframework.test.context.transaction.TransactionalTestExecutionListener, org.springframework.test.context.jdbc.SqlScriptsTestExecutionListener, org.springframework.test.context.event.EventPublishingTestExecutionListener]
14:15:27.688 [Test worker] INFO org.springframework.boot.test.context.SpringBootTestContextBootstrapper - Using TestExecutionListeners: [org.springframework.test.context.web.ServletTestExecutionListener@2552f2cb, org.springframework.test.context.support.DirtiesContextBeforeModesTestExecutionListener@33352f32, org.springframework.test.context.event.ApplicationEventsTestExecutionListener@5f3b9c57, org.springframework.boot.test.mock.mockito.MockitoTestExecutionListener@1e044120, org.springframework.boot.test.autoconfigure.SpringBootDependencyInjectionTestExecutionListener@2cf23c81, org.springframework.test.context.support.DirtiesContextTestExecutionListener@3624da92, org.springframework.test.context.transaction.TransactionalTestExecutionListener@35fe2125, org.springframework.test.context.jdbc.SqlScriptsTestExecutionListener@94f6bfb, org.springframework.test.context.event.EventPublishingTestExecutionListener@34645867, org.springframework.boot.test.autoconfigure.restdocs.RestDocsTestExecutionListener@2484f433, org.springframework.boot.test.autoconfigure.web.client.MockRestServiceServerResetTestExecutionListener@60b71e8f, org.springframework.boot.test.autoconfigure.web.servlet.MockMvcPrintOnlyOnFailureTestExecutionListener@1255b1d1, org.springframework.boot.test.autoconfigure.web.servlet.WebDriverTestExecutionListener@464649c, org.springframework.boot.test.autoconfigure.webservices.client.MockWebServiceServerTestExecutionListener@7c22d4f, org.springframework.boot.test.mock.mockito.ResetMocksTestExecutionListener@5f59185e]
14:15:27.691 [Test worker] DEBUG org.springframework.test.context.support.AbstractDirtiesContextTestExecutionListener - Before test class: context [DefaultTestContext@303e3593 testClass = StarterApplicationTests, testInstance = [null], testMethod = [null], testException = [null], mergedContextConfiguration = [WebMergedContextConfiguration@4ef27d66 testClass = StarterApplicationTests, locations = '{}', classes = '{class ynov.eval.core.StarterApplication}', contextInitializerClasses = '[]', activeProfiles = '{}', propertySourceLocations = '{}', propertySourceProperties = '{org.springframework.boot.test.context.SpringBootTestContextBootstrapper=true}', contextCustomizers = set[org.springframework.boot.test.autoconfigure.actuate.metrics.MetricsExportContextCustomizerFactory$DisableMetricExportContextCustomizer@324a0017, org.springframework.boot.test.autoconfigure.properties.PropertyMappingContextCustomizer@0, org.springframework.boot.test.autoconfigure.web.servlet.WebDriverContextCustomizerFactory$Customizer@35229f85, org.springframework.boot.test.context.filter.ExcludeFilterContextCustomizer@4758820d, org.springframework.boot.test.json.DuplicateJsonObjectContextCustomizerFactory$DuplicateJsonObjectContextCustomizer@5629510, org.springframework.boot.test.mock.mockito.MockitoContextCustomizer@0, org.springframework.boot.test.web.client.TestRestTemplateContextCustomizer@495b0487, org.springframework.boot.test.context.SpringBootTestArgs@1, org.springframework.boot.test.context.SpringBootTestWebEnvironment@43dac38f], resourceBasePath = 'src/main/webapp', contextLoader = 'org.springframework.boot.test.context.SpringBootContextLoader', parent = [null]], attributes = map['org.springframework.test.context.web.ServletTestExecutionListener.activateListener' -> true]], class annotated with @DirtiesContext [false] with mode [null].

  .   ____          _            __ _ _
 /\\ / ___'_ __ _ _(_)_ __  __ _ \ \ \ \
( ( )\___ | '_ | '_| | '_ \/ _` | \ \ \ \
 \\/  ___)| |_)| | | | | || (_| |  ) ) ) )
  '  |____| .__|_| |_|_| |_\__, | / / / /
 =========|_|==============|___/=/_/_/_/
 :: Spring Boot ::                (v2.7.3)

2023-04-27 14:15:27.933  INFO 12092 --- [    Test worker] ynov.eval.core.StarterApplicationTests   : Starting StarterApplicationTests using Java 17.0.6 on pc_theo with PID 12092 (started by tb72o in C:\Users\tb72o\Desktop\Cours\Pipeline\tp-final-pipeline)
2023-04-27 14:15:27.934  INFO 12092 --- [    Test worker] ynov.eval.core.StarterApplicationTests   : No active profile set, falling back to 1 default profile: "default"
2023-04-27 14:15:28.546  INFO 12092 --- [    Test worker] .s.d.r.c.RepositoryConfigurationDelegate : Bootstrapping Spring Data JPA repositories in DEFAULT mode.
2023-04-27 14:15:28.589  INFO 12092 --- [    Test worker] .s.d.r.c.RepositoryConfigurationDelegate : Finished Spring Data repository scanning in 36 ms. Found 1 JPA repository interfaces.
2023-04-27 14:15:29.009  INFO 12092 --- [    Test worker] com.zaxxer.hikari.HikariDataSource       : HikariPool-1 - Starting...
2023-04-27 14:15:29.180  INFO 12092 --- [    Test worker] com.zaxxer.hikari.HikariDataSource       : HikariPool-1 - Start completed.
2023-04-27 14:15:29.239  INFO 12092 --- [    Test worker] o.hibernate.jpa.internal.util.LogHelper  : HHH000204: Processing PersistenceUnitInfo [name: default]
2023-04-27 14:15:29.286  INFO 12092 --- [    Test worker] org.hibernate.Version                    : HHH000412: Hibernate ORM core version 5.6.10.Final
2023-04-27 14:15:29.452  INFO 12092 --- [    Test worker] o.hibernate.annotations.common.Version   : HCANN000001: Hibernate Commons Annotations {5.1.2.Final}
2023-04-27 14:15:29.557  INFO 12092 --- [    Test worker] org.hibernate.dialect.Dialect            : HHH000400: Using dialect: org.hibernate.dialect.H2Dialect
2023-04-27 14:15:30.026  INFO 12092 --- [    Test worker] o.h.e.t.j.p.i.JtaPlatformInitiator       : HHH000490: Using JtaPlatform implementation: [org.hibernate.engine.transaction.jta.platform.internal.NoJtaPlatform]
2023-04-27 14:15:30.034  INFO 12092 --- [    Test worker] j.LocalContainerEntityManagerFactoryBean : Initialized JPA EntityManagerFactory for persistence unit 'default'
2023-04-27 14:15:30.647  WARN 12092 --- [    Test worker] JpaBaseConfiguration$JpaWebConfiguration : spring.jpa.open-in-view is enabled by default. Therefore, database queries may be performed during view rendering. Explicitly configure spring.jpa.open-in-view to disable this warning
2023-04-27 14:15:31.774  INFO 12092 --- [    Test worker] ynov.eval.core.StarterApplicationTests   : Started StarterApplicationTests in 4.052 seconds (JVM running for 5.035)
]]></system-out>
  <system-err><![CDATA[]]></system-err>
</testsuite>
